building\01\01\001.msk
building\01\01\001.wsg
building\01\01\002.msk
building\01\01\002.wsg
building\01\01\003.msk
building\01\01\003.wsg
building\01\01\004.msk
building\01\01\004.wsg
building\01\01\005.msk
building\01\01\005.wsg
building\01\01\006.msk
building\01\01\006.wsg
building\01\01\building.txt
building\01\02\001.msk
building\01\02\001.wsg
building\01\02\002.msk
building\01\02\002.wsg
building\01\02\003.msk
building\01\02\003.wsg
building\01\02\004.msk
building\01\02\004.wsg
building\01\02\005.msk
building\01\02\005.wsg
building\01\02\006.msk
building\01\02\006.wsg
building\01\02\building.txt
building\01\03\001.msk
building\01\03\001.wsg
building\01\03\002.msk
building\01\03\002.wsg
building\01\03\003.msk
building\01\03\003.wsg
building\01\03\004.msk
building\01\03\004.wsg
building\01\03\005.msk
building\01\03\005.wsg
building\01\03\006.msk
building\01\03\006.wsg
building\01\03\building.txt
building\01\04\001.msk
building\01\04\001.wsg
building\01\04\002.msk
building\01\04\002.wsg
building\01\04\003.msk
building\01\04\003.wsg
building\01\04\004.msk
building\01\04\004.wsg
building\01\04\005.msk
building\01\04\005.wsg
building\01\04\006.msk
building\01\04\006.wsg
building\01\04\building.txt
building\01\05\001.msk
building\01\05\001.wsg
building\01\05\002.msk
building\01\05\002.wsg
building\01\05\003.msk
building\01\05\003.wsg
building\01\05\004.msk
building\01\05\004.wsg
building\01\05\005.msk
building\01\05\005.wsg
building\01\05\006.msk
building\01\05\006.wsg
building\01\05\building.txt
building\01\06\001.msk
building\01\06\001.wsg
building\01\06\002.msk
building\01\06\002.wsg
building\01\06\003.msk
building\01\06\003.wsg
building\01\06\004.msk
building\01\06\004.wsg
building\01\06\005.msk
building\01\06\005.wsg
building\01\06\006.msk
building\01\06\006.wsg
building\01\06\building.txt
building\01\07\001.msk
building\01\07\001.wsg
building\01\07\002.msk
building\01\07\002.wsg
building\01\07\003.msk
building\01\07\003.wsg
building\01\07\004.msk
building\01\07\004.wsg
building\01\07\005.msk
building\01\07\005.wsg
building\01\07\006.msk
building\01\07\006.wsg
building\01\07\building.txt
building\01\08\001.msk
building\01\08\001.wsg
building\01\08\002.msk
building\01\08\002.wsg
building\01\08\003.msk
building\01\08\003.wsg
building\01\08\004.msk
building\01\08\004.wsg
building\01\08\005.msk
building\01\08\005.wsg
building\01\08\006.msk
building\01\08\006.wsg
building\01\08\building.txt
building\01\09\001.msk
building\01\09\001.wsg
building\01\09\002.msk
building\01\09\002.wsg
building\01\09\003.msk
building\01\09\003.wsg
building\01\09\004.msk
building\01\09\004.wsg
building\01\09\005.msk
building\01\09\005.wsg
building\01\09\building.txt
building\01\10\001.msk
building\01\10\001.wsg
building\01\10\002.msk
building\01\10\002.wsg
building\01\10\003.msk
building\01\10\003.wsg
building\01\10\004.msk
building\01\10\004.wsg
building\01\10\005.msk
building\01\10\005.wsg
building\01\10\building.txt
building\01\11\001.msk
building\01\11\001.wsg
building\01\11\002.msk
building\01\11\002.wsg
building\01\11\003.msk
building\01\11\003.wsg
building\01\11\004.msk
building\01\11\004.wsg
building\01\11\005.msk
building\01\11\005.wsg
building\01\11\006.msk
building\01\11\006.wsg
building\01\11\building.txt
building\01\12\001.msk
building\01\12\001.wsg
building\01\12\002.msk
building\01\12\002.wsg
building\01\12\003.msk
building\01\12\003.wsg
building\01\12\004.msk
building\01\12\004.wsg
building\01\12\005.msk
building\01\12\005.wsg
building\01\12\006.msk
building\01\12\006.wsg
building\01\12\building.txt
building\01\13\001.msk
building\01\13\001.wsg
building\01\13\002.msk
building\01\13\002.wsg
building\01\13\003.msk
building\01\13\003.wsg
building\01\13\004.msk
building\01\13\004.wsg
building\01\13\005.msk
building\01\13\005.wsg
building\01\13\006.msk
building\01\13\006.wsg
building\01\13\building.txt
building\01\14\001.msk
building\01\14\001.wsg
building\01\14\002.msk
building\01\14\002.wsg
building\01\14\003.msk
building\01\14\003.wsg
building\01\14\004.msk
building\01\14\004.wsg
building\01\14\005.msk
building\01\14\005.wsg
building\01\14\006.msk
building\01\14\006.wsg
building\01\14\building.txt
building\02\01
building\02\02
building\02\03
building\02\04
building\02\05
building\02\06
building\02\07
building\02\08
building\02\09
building\02\10
building\02\11
building\02\12
building\02\13
building\02\14
building\02\01\001.msk
building\02\01\001.wsg
building\02\01\002.msk
building\02\01\002.wsg
building\02\01\003.msk
building\02\01\003.wsg
building\02\01\004.msk
building\02\01\004.wsg
building\02\01\005.msk
building\02\01\005.wsg
building\02\01\006.msk
building\02\01\006.wsg
building\02\01\007.msk
building\02\01\007.wsg
building\02\01\008.msk
building\02\01\008.wsg
building\02\01\building.txt
building\02\02\001.msk
building\02\02\001.wsg
building\02\02\002.msk
building\02\02\002.wsg
building\02\02\003.msk
building\02\02\003.wsg
building\02\02\004.msk
building\02\02\004.wsg
building\02\02\005.msk
building\02\02\005.wsg
building\02\02\006.msk
building\02\02\006.wsg
building\02\02\007.msk
building\02\02\007.wsg
building\02\02\008.msk
building\02\02\008.wsg
building\02\02\building.txt
building\02\03\001.msk
building\02\03\001.wsg
building\02\03\002.msk
building\02\03\002.wsg
building\02\03\003.msk
building\02\03\003.wsg
building\02\03\004.msk
building\02\03\004.wsg
building\02\03\005.msk
building\02\03\005.wsg
building\02\03\006.msk
building\02\03\006.wsg
building\02\03\building.txt
building\02\04\001.msk
building\02\04\001.wsg
building\02\04\002.msk
building\02\04\002.wsg
building\02\04\003.msk
building\02\04\003.wsg
building\02\04\004.msk
building\02\04\004.wsg
building\02\04\005.msk
building\02\04\005.wsg
building\02\04\006.msk
building\02\04\006.wsg
building\02\04\building.txt
building\02\05\001.msk
building\02\05\001.wsg
building\02\05\002.msk
building\02\05\002.wsg
building\02\05\003.msk
building\02\05\003.wsg
building\02\05\004.msk
building\02\05\004.wsg
building\02\05\005.msk
building\02\05\005.wsg
building\02\05\006.msk
building\02\05\006.wsg
building\02\05\building.txt
building\02\06\001.msk
building\02\06\001.wsg
building\02\06\002.msk
building\02\06\002.wsg
building\02\06\003.msk
building\02\06\003.wsg
building\02\06\004.msk
building\02\06\004.wsg
building\02\06\005.msk
building\02\06\005.wsg
building\02\06\006.msk
building\02\06\006.wsg
building\02\06\building.txt
building\02\07\001.msk
building\02\07\001.wsg
building\02\07\002.msk
building\02\07\002.wsg
building\02\07\003.msk
building\02\07\003.wsg
building\02\07\004.msk
building\02\07\004.wsg
building\02\07\005.msk
building\02\07\005.wsg
building\02\07\006.msk
building\02\07\006.wsg
building\02\07\building.txt
building\02\08\001.msk
building\02\08\001.wsg
building\02\08\002.msk
building\02\08\002.wsg
building\02\08\003.msk
building\02\08\003.wsg
building\02\08\004.msk
building\02\08\004.wsg
building\02\08\005.msk
building\02\08\005.wsg
building\02\08\006.msk
building\02\08\006.wsg
building\02\08\building.txt
building\02\09\001.msk
building\02\09\001.wsg
building\02\09\002.msk
building\02\09\002.wsg
building\02\09\003.msk
building\02\09\003.wsg
building\02\09\004.msk
building\02\09\004.wsg
building\02\09\005.msk
building\02\09\005.wsg
building\02\09\building.txt
building\02\10\001.msk
building\02\10\001.wsg
building\02\10\002.msk
building\02\10\002.wsg
building\02\10\003.msk
building\02\10\003.wsg
building\02\10\004.msk
building\02\10\004.wsg
building\02\10\005.msk
building\02\10\005.wsg
building\02\10\building.txt
building\02\11\001.msk
building\02\11\001.wsg
building\02\11\002.msk
building\02\11\002.wsg
building\02\11\003.msk
building\02\11\003.wsg
building\02\11\004.msk
building\02\11\004.wsg
building\02\11\005.msk
building\02\11\005.wsg
building\02\11\building.txt
building\02\12\001.msk
building\02\12\001.wsg
building\02\12\002.msk
building\02\12\002.wsg
building\02\12\003.msk
building\02\12\003.wsg
building\02\12\004.msk
building\02\12\004.wsg
building\02\12\005.msk
building\02\12\005.wsg
building\02\12\building.txt
building\02\13\001.msk
building\02\13\001.wsg
building\02\13\002.msk
building\02\13\002.wsg
building\02\13\003.msk
building\02\13\003.wsg
building\02\13\004.msk
building\02\13\004.wsg
building\02\13\005.msk
building\02\13\005.wsg
building\02\13\006.msk
building\02\13\006.wsg
building\02\13\building.txt
building\02\14\001.msk
building\02\14\001.wsg
building\02\14\002.msk
building\02\14\002.wsg
building\02\14\003.msk
building\02\14\003.wsg
building\02\14\004.msk
building\02\14\004.wsg
building\02\14\005.msk
building\02\14\005.wsg
building\02\14\006.msk
building\02\14\006.wsg
building\02\14\building.txt
building\03\01
building\03\02
building\03\03
building\03\04
building\03\05
building\03\06
building\03\07
building\03\08
building\03\09
building\03\10
building\03\11
building\03\12
building\03\13
building\03\14
building\03\01\001.msk
building\03\01\001.wsg
building\03\01\002.msk
building\03\01\002.wsg
building\03\01\003.msk
building\03\01\003.wsg
building\03\01\004.msk
building\03\01\004.wsg
building\03\01\005.msk
building\03\01\005.wsg
building\03\01\006.msk
building\03\01\006.wsg
building\03\01\007.msk
building\03\01\007.wsg
building\03\01\008.msk
building\03\01\008.wsg
building\03\01\building.txt
building\03\02\001.msk
building\03\02\001.wsg
building\03\02\002.msk
building\03\02\002.wsg
building\03\02\003.msk
building\03\02\003.wsg
building\03\02\004.msk
building\03\02\004.wsg
building\03\02\005.msk
building\03\02\005.wsg
building\03\02\006.msk
building\03\02\006.wsg
building\03\02\007.msk
building\03\02\007.wsg
building\03\02\008.msk
building\03\02\008.wsg
building\03\02\building.txt
building\03\03\001.msk
building\03\03\001.wsg
building\03\03\002.msk
building\03\03\002.wsg
building\03\03\003.msk
building\03\03\003.wsg
building\03\03\004.msk
building\03\03\004.wsg
building\03\03\005.msk
building\03\03\005.wsg
building\03\03\006.msk
building\03\03\006.wsg
building\03\03\007.msk
building\03\03\007.wsg
building\03\03\building.txt
building\03\04\001.msk
building\03\04\001.wsg
building\03\04\002.msk
building\03\04\002.wsg
building\03\04\003.msk
building\03\04\003.wsg
building\03\04\004.msk
building\03\04\004.wsg
building\03\04\005.msk
building\03\04\005.wsg
building\03\04\006.msk
building\03\04\006.wsg
building\03\04\007.msk
building\03\04\007.wsg
building\03\04\building.txt
building\03\05\001.msk
building\03\05\001.wsg
building\03\05\002.msk
building\03\05\002.wsg
building\03\05\003.msk
building\03\05\003.wsg
building\03\05\004.msk
building\03\05\004.wsg
building\03\05\005.msk
building\03\05\005.wsg
building\03\05\006.msk
building\03\05\006.wsg
building\03\05\building.txt
building\03\06\001.msk
building\03\06\001.wsg
building\03\06\002.msk
building\03\06\002.wsg
building\03\06\003.msk
building\03\06\003.wsg
building\03\06\004.msk
building\03\06\004.wsg
building\03\06\005.msk
building\03\06\005.wsg
building\03\06\006.msk
building\03\06\006.wsg
building\03\06\building.txt
building\03\07\001.msk
building\03\07\001.wsg
building\03\07\002.msk
building\03\07\002.wsg
building\03\07\003.msk
building\03\07\003.wsg
building\03\07\004.msk
building\03\07\004.wsg
building\03\07\005.msk
building\03\07\005.wsg
building\03\07\006.msk
building\03\07\006.wsg
building\03\07\building.txt
building\03\08\001.msk
building\03\08\001.wsg
building\03\08\002.msk
building\03\08\002.wsg
building\03\08\003.msk
building\03\08\003.wsg
building\03\08\004.msk
building\03\08\004.wsg
building\03\08\005.msk
building\03\08\005.wsg
building\03\08\006.msk
building\03\08\006.wsg
building\03\08\building.txt
building\03\09\001.msk
building\03\09\001.wsg
building\03\09\002.msk
building\03\09\002.wsg
building\03\09\003.msk
building\03\09\003.wsg
building\03\09\004.msk
building\03\09\004.wsg
building\03\09\005.msk
building\03\09\005.wsg
building\03\09\building.txt
building\03\10\001.msk
building\03\10\001.wsg
building\03\10\002.msk
building\03\10\002.wsg
building\03\10\003.msk
building\03\10\003.wsg
building\03\10\004.msk
building\03\10\004.wsg
building\03\10\005.msk
building\03\10\005.wsg
building\03\10\building.txt
building\03\11\001.msk
building\03\11\001.wsg
building\03\11\002.msk
building\03\11\002.wsg
building\03\11\003.msk
building\03\11\003.wsg
building\03\11\004.msk
building\03\11\004.wsg
building\03\11\005.msk
building\03\11\005.wsg
building\03\11\006.msk
building\03\11\006.wsg
building\03\11\007.msk
building\03\11\007.wsg
building\03\11\building.txt
building\03\12\001.msk
building\03\12\001.wsg
building\03\12\002.msk
building\03\12\002.wsg
building\03\12\003.msk
building\03\12\003.wsg
building\03\12\004.msk
building\03\12\004.wsg
building\03\12\005.msk
building\03\12\005.wsg
building\03\12\006.msk
building\03\12\006.wsg
building\03\12\007.msk
building\03\12\007.wsg
building\03\12\building.txt
building\03\13\001.msk
building\03\13\001.wsg
building\03\13\002.msk
building\03\13\002.wsg
building\03\13\003.msk
building\03\13\003.wsg
building\03\13\004.msk
building\03\13\004.wsg
building\03\13\005.msk
building\03\13\005.wsg
building\03\13\006.msk
building\03\13\006.wsg
building\03\13\building.txt
building\03\14\001.msk
building\03\14\001.wsg
building\03\14\002.msk
building\03\14\002.wsg
building\03\14\003.msk
building\03\14\003.wsg
building\03\14\004.msk
building\03\14\004.wsg
building\03\14\005.msk
building\03\14\005.wsg
building\03\14\006.msk
building\03\14\006.wsg
building\03\14\building.txt
furniture\00000.tcp
furniture\00000b.fbk
furniture\00001.tcp
furniture\00001b.fbk
furniture\00010.tcp
furniture\00010b.fbk
furniture\00011.tcp
furniture\00011b.fbk
furniture\00020.tcp
furniture\00020b.fbk
furniture\00021.tcp
furniture\00021b.fbk
furniture\00030.tcp
furniture\00030b.fbk
furniture\00031.tcp
furniture\00031b.fbk
furniture\00040.tcp
furniture\00040b.fbk
furniture\00041.tcp
furniture\00041b.fbk
furniture\00f.flg
furniture\00wl.flg
furniture\00wr.flg
furniture\01000.msk
furniture\01000.tcp
furniture\01000b.fbk
furniture\01010.msk
furniture\01010.tcp
furniture\01010b.fbk
furniture\01020.msk
furniture\01020.tcp
furniture\01020b.fbk
furniture\01030.msk
furniture\01030.tcp
furniture\01030b.fbk
furniture\01040.msk
furniture\01040.tcp
furniture\01040b.fbk
furniture\01f.flg
furniture\01wl.flg
furniture\01wr.flg
furniture\02000.msk
furniture\02000.tcp
furniture\02000b.fbk
furniture\02001.msk
furniture\02001.tcp
furniture\02001b.fbk
furniture\02010.msk
furniture\02010.tcp
furniture\02010b.fbk
furniture\02011.msk
furniture\02011.tcp
furniture\02011b.fbk
furniture\02020.msk
furniture\02020.tcp
furniture\02020b.fbk
furniture\02021.msk
furniture\02021.tcp
furniture\02021b.fbk
furniture\02030.msk
furniture\02030.tcp
furniture\02030b.fbk
furniture\02031.msk
furniture\02031.tcp
furniture\02031b.fbk
furniture\02040.msk
furniture\02040.tcp
furniture\02040b.fbk
furniture\02041.msk
furniture\02041.tcp
furniture\02041b.fbk
furniture\02f.flg
furniture\02wl.flg
furniture\02wr.flg
furniture\03000.tcp
furniture\03000b.fbk
furniture\03001.tcp
furniture\03001b.fbk
furniture\03010.tcp
furniture\03010b.fbk
furniture\03011.tcp
furniture\03011b.fbk
furniture\03020.tcp
furniture\03020b.fbk
furniture\03021.tcp
furniture\03021b.fbk
furniture\03030.tcp
furniture\03030b.fbk
furniture\03031.tcp
furniture\03031b.fbk
furniture\03040.tcp
furniture\03040b.fbk
furniture\03041.tcp
furniture\03041b.fbk
furniture\03042.tcp
furniture\03042b.fbk
furniture\03043.tcp
furniture\03043b.fbk
furniture\04000.msk
furniture\04000.tcp
furniture\04000b.fbk
furniture\04001.msk
furniture\04001.tcp
furniture\04001b.fbk
furniture\04010.msk
furniture\04010.tcp
furniture\04010b.fbk
furniture\04011.msk
furniture\04011.tcp
furniture\04011b.fbk
furniture\04012.msk
furniture\04012.tcp
furniture\04012b.fbk
furniture\04013.msk
furniture\04013.tcp
furniture\04013b.fbk
furniture\04020.msk
furniture\04020.tcp
furniture\04020b.fbk
furniture\04021.msk
furniture\04021.tcp
furniture\04021b.fbk
furniture\04030.msk
furniture\04030.tcp
furniture\04030b.fbk
furniture\04031.msk
furniture\04031.tcp
furniture\04031b.fbk
furniture\04032.msk
furniture\04032.tcp
furniture\04032b.fbk
furniture\04033.msk
furniture\04033.tcp
furniture\04033b.fbk
furniture\04040.msk
furniture\04040.tcp
furniture\04040b.fbk
furniture\04041.msk
furniture\04041.tcp
furniture\04041b.fbk
furniture\04042.msk
furniture\04042.tcp
furniture\04042b.fbk
furniture\04043.msk
furniture\04043.tcp
furniture\04043b.fbk
furniture\05000.msk
furniture\05000.tcp
furniture\05000b.fbk
furniture\05001.msk
furniture\05001.tcp
furniture\05001b.fbk
furniture\05010.msk
furniture\05010.tcp
furniture\05010b.fbk
furniture\05011.msk
furniture\05011.tcp
furniture\05011b.fbk
furniture\05020.msk
furniture\05020.tcp
furniture\05020b.fbk
furniture\05021.msk
furniture\05021.tcp
furniture\05021b.fbk
furniture\05030.msk
furniture\05030.tcp
furniture\05030b.fbk
furniture\05031.msk
furniture\05031.tcp
furniture\05031b.fbk
furniture\05040.msk
furniture\05040.tcp
furniture\05040b.fbk
furniture\05041.msk
furniture\05041.tcp
furniture\05041b.fbk
furniture\06000.msk
furniture\06000.tcp
furniture\06000b.fbk
furniture\06001.msk
furniture\06001.tcp
furniture\06001b.fbk
furniture\06010.msk
furniture\06010.tcp
furniture\06010b.fbk
furniture\06011.msk
furniture\06011.tcp
furniture\06011b.fbk
furniture\06020.msk
furniture\06020.tcp
furniture\06020b.fbk
furniture\06021.msk
furniture\06021.tcp
furniture\06021b.fbk
furniture\06030.msk
furniture\06030.tcp
furniture\06030b.fbk
furniture\06031.msk
furniture\06031.tcp
furniture\06031b.fbk
furniture\06040.msk
furniture\06040.tcp
furniture\06040b.fbk
furniture\06041.msk
furniture\06041.tcp
furniture\06041b.fbk
furniture\06042.msk
furniture\06042.tcp
furniture\06042b.fbk
furniture\06043.msk
furniture\06043.tcp
furniture\06043b.fbk
furniture\07000.tcp
furniture\07000b.fbk
furniture\07001.tcp
furniture\07001b.fbk
furniture\07010.tcp
furniture\07010b.fbk
furniture\07011.tcp
furniture\07011b.fbk
furniture\07020.tcp
furniture\07020b.fbk
furniture\07021.tcp
furniture\07021b.fbk
furniture\07030.tcp
furniture\07030b.fbk
furniture\07031.tcp
furniture\07031b.fbk
furniture\07040.tcp
furniture\07040b.fbk
furniture\07041.tcp
furniture\07041b.fbk
furniture\08000.msk
furniture\08000.tcp
furniture\08000b.fbk
furniture\08010.msk
furniture\08010.tcp
furniture\08010b.fbk
furniture\08020.msk
furniture\08020.tcp
furniture\08020b.fbk
furniture\08030.msk
furniture\08030.tcp
furniture\08030b.fbk
furniture\08040.msk
furniture\08040.tcp
furniture\08040b.fbk
furniture\08050.msk
furniture\08050.tcp
furniture\08050b.fbk
furniture\08060.msk
furniture\08060.tcp
furniture\08060b.fbk
furniture\08061.msk
furniture\08061.tcp
furniture\08061b.fbk
furniture\08070.msk
furniture\08070.tcp
furniture\08070b.fbk
furniture\08080.msk
furniture\08080.tcp
furniture\08080b.fbk
furniture\08081.msk
furniture\08081.tcp
furniture\08081b.fbk
furniture\08082.msk
furniture\08082.tcp
furniture\08082b.fbk
furniture\08083.msk
furniture\08083.tcp
furniture\08083b.fbk
furniture\08090.msk
furniture\08090.tcp
furniture\08090b.fbk
furniture\08091.msk
furniture\08091.tcp
furniture\08091b.fbk
furniture\08100.msk
furniture\08100.tcp
furniture\08100b.fbk
furniture\08101.msk
furniture\08101.tcp
furniture\08101b.fbk
furniture\08102.msk
furniture\08102.tcp
furniture\08102b.fbk
furniture\08103.msk
furniture\08103.tcp
furniture\08103b.fbk
furniture\08110.msk
furniture\08110.tcp
furniture\08110b.fbk
furniture\08111.msk
furniture\08111.tcp
furniture\08111b.fbk
furniture\08112.msk
furniture\08112.tcp
furniture\08112b.fbk
furniture\08113.msk
furniture\08113.tcp
furniture\08113b.fbk
furniture\08120.msk
furniture\08120.tcp
furniture\08120b.fbk
furniture\08130.msk
furniture\08130.tcp
furniture\08130b.fbk
furniture\10000.msk
furniture\10000.tcp
furniture\10000b.fbk
furniture\10001.msk
furniture\10001.tcp
furniture\10001b.fbk
furniture\10010.msk
furniture\10010.tcp
furniture\10010b.fbk
furniture\10011.msk
furniture\10011.tcp
furniture\10011b.fbk
furniture\10020.msk
furniture\10020.tcp
furniture\10020b.fbk
furniture\10021.msk
furniture\10021.tcp
furniture\10021b.fbk
furniture\11000.msk
furniture\11000.tcp
furniture\11000b.fbk
furniture\11010.msk
furniture\11010.tcp
furniture\11010b.fbk
furniture\11020.msk
furniture\11020.tcp
furniture\11020b.fbk
furniture\12000.msk
furniture\12000.tcp
furniture\12000b.fbk
furniture\12010.msk
furniture\12010.tcp
furniture\12010b.fbk
furniture\12020.msk
furniture\12020.tcp
furniture\12020b.fbk
furniture\13000.msk
furniture\13000.tcp
furniture\13000b.fbk
furniture\13001.msk
furniture\13001.tcp
furniture\13001b.fbk
furniture\13010.msk
furniture\13010.tcp
furniture\13010b.fbk
furniture\13011.msk
furniture\13011.tcp
furniture\13011b.fbk
furniture\13020.msk
furniture\13020.tcp
furniture\13020b.fbk
furniture\13021.msk
furniture\13021.tcp
furniture\13021b.fbk
furniture\13500.msk
furniture\13500.tcp
furniture\13501.msk
furniture\13501.tcp
furniture\13510.msk
furniture\13510.tcp
furniture\13511.msk
furniture\13511.tcp
furniture\13520.msk
furniture\13520.tcp
furniture\13521.msk
furniture\13521.tcp
furniture\14000.msk
furniture\14000.tcp
furniture\14000b.fbk
furniture\14010.msk
furniture\14010.tcp
furniture\14010b.fbk
furniture\14011.msk
furniture\14011.tcp
furniture\14011b.fbk
furniture\14020.msk
furniture\14020.tcp
furniture\14020b.fbk
furniture\14030.msk
furniture\14030.tcp
furniture\14030b.fbk
furniture\14031.msk
furniture\14031.tcp
furniture\14031b.fbk
furniture\14040.msk
furniture\14040.tcp
furniture\14040b.fbk
furniture\14041.msk
furniture\14041.tcp
furniture\14041b.fbk
furniture\14520.msk
furniture\14520.tcp
furniture\15000.msk
furniture\15000.tcp
furniture\15000b.fbk
furniture\15010.msk
furniture\15010.tcp
furniture\15010b.fbk
furniture\15020.msk
furniture\15020.tcp
furniture\15020b.fbk
furniture\15030.msk
furniture\15030.tcp
furniture\15030b.fbk
furniture\16000.msk
furniture\16000.tcp
furniture\16000b.fbk
furniture\17000.msk
furniture\17000.tcp
furniture\17000b.fbk
furniture\17001.msk
furniture\17001.tcp
furniture\17001b.fbk
furniture\18000.tcp
furniture\18001.tcp
furniture\18002.tcp
furniture\18010.tcp
furniture\18011.tcp
furniture\18012.tcp
furniture\19000.msk
furniture\19000.tcp
furniture\19001.msk
furniture\19001.tcp
furniture\19002.msk
furniture\19002.tcp
furniture\19003.msk
furniture\19003.tcp
furniture\19004.msk
furniture\19004.tcp
furniture\19005.msk
furniture\19005.tcp
furniture\19010.msk
furniture\19010.tcp
furniture\19011.msk
furniture\19011.tcp
furniture\19012.msk
furniture\19012.tcp
furniture\19013.msk
furniture\19013.tcp
furniture\19014.msk
furniture\19014.tcp
furniture\19020.msk
furniture\19020.tcp
furniture\19021.msk
furniture\19021.tcp
furniture\19022.msk
furniture\19022.tcp
furniture\19023.msk
furniture\19023.tcp
furniture\19024.msk
furniture\19024.tcp
furniture\19025.msk
furniture\19025.tcp
furniture\19026.msk
furniture\19026.tcp
furniture\19027.msk
furniture\19027.tcp
furniture\20000.tcp
furniture\20000b.fbk
furniture\20010.tcp
furniture\20010b.fbk
furniture\20020.tcp
furniture\20020b.fbk
furniture\20f.flg
furniture\20wl.flg
furniture\20wr.flg
furniture\21000.msk
furniture\21000.tcp
furniture\21010.msk
furniture\21010.tcp
furniture\21020.msk
furniture\21020.tcp
furniture\21f.flg
furniture\21wl.flg
furniture\21wr.flg
furniture\22000.tcp
furniture\22001.tcp
furniture\22002.tcp
furniture\22003.tcp
furniture\22f.flg
furniture\22wl.flg
furniture\22wr.flg
furniture\30000.msk
furniture\30000.tcp
furniture\30030.msk
furniture\30030.tcp
furniture\30040.msk
furniture\30040.tcp
furniture\30050.msk
furniture\30050.tcp
furniture\30070.msk
furniture\30070.tcp
furniture\30080.msk
furniture\30080.tcp
furniture\30130.msk
furniture\30130.tcp
furniture\30140.msk
furniture\30140.tcp
furniture\30190.msk
furniture\30190.tcp
furniture\30200.msk
furniture\30200.tcp
furniture\30250.msk
furniture\30250.tcp
furniture\30260.msk
furniture\30260.tcp
furniture\30310.msk
furniture\30310.tcp
furniture\30311.msk
furniture\30311.tcp
furniture\30320.msk
furniture\30320.tcp
furniture\30321.msk
furniture\30321.tcp
furniture\30370.msk
furniture\30370.tcp
furniture\30380.msk
furniture\30380.tcp
furniture\31000.msk
furniture\31000.tcp
furniture\31030.msk
furniture\31030.tcp
furniture\31031.msk
furniture\31031.tcp
furniture\31040.msk
furniture\31040.tcp
furniture\31050.msk
furniture\31050.tcp
furniture\31070.msk
furniture\31070.tcp
furniture\31080.msk
furniture\31080.tcp
furniture\31130.msk
furniture\31130.tcp
furniture\31140.msk
furniture\31140.tcp
furniture\31190.msk
furniture\31190.tcp
furniture\31200.msk
furniture\31200.tcp
furniture\31250.msk
furniture\31250.tcp
furniture\31260.msk
furniture\31260.tcp
furniture\31310.msk
furniture\31310.tcp
furniture\31311.msk
furniture\31311.tcp
furniture\31320.msk
furniture\31320.tcp
furniture\31321.msk
furniture\31321.tcp
furniture\32000.msk
furniture\32000.tcp
furniture\32001.msk
furniture\32001.tcp
furniture\32030.msk
furniture\32030.tcp
furniture\32031.msk
furniture\32031.tcp
furniture\32040.msk
furniture\32040.tcp
furniture\32041.msk
furniture\32041.tcp
furniture\32050.msk
furniture\32050.tcp
furniture\32051.msk
furniture\32051.tcp
furniture\32070.msk
furniture\32070.tcp
furniture\32071.msk
furniture\32071.tcp
furniture\32080.msk
furniture\32080.tcp
furniture\32081.msk
furniture\32081.tcp
furniture\32130.msk
furniture\32130.tcp
furniture\32131.msk
furniture\32131.tcp
furniture\32140.msk
furniture\32140.tcp
furniture\32141.msk
furniture\32141.tcp
furniture\32190.msk
furniture\32190.tcp
furniture\32191.msk
furniture\32191.tcp
furniture\32200.msk
furniture\32200.tcp
furniture\32201.msk
furniture\32201.tcp
furniture\32250.msk
furniture\32250.tcp
furniture\32251.msk
furniture\32251.tcp
furniture\32260.msk
furniture\32260.tcp
furniture\32261.msk
furniture\32261.tcp
furniture\32310.msk
furniture\32310.tcp
furniture\32311.msk
furniture\32311.tcp
furniture\32320.msk
furniture\32320.tcp
furniture\32321.msk
furniture\32321.tcp
tile\01
tile\02
tile\03
tile\04
tile\05
tile\06
tile\07
tile\08
tile\09
tile\10
tile\01\001.tcp
tile\01\002.tcp
tile\01\003.tcp
tile\01\004.tcp
tile\01\005.tcp
tile\01\006.tcp
tile\01\007.tcp
tile\01\008.tcp
tile\01\009.tcp
tile\01\010.tcp
tile\01\011.tcp
tile\01\012.tcp
tile\01\013.tcp
tile\01\014.tcp
tile\01\015.tcp
tile\01\016.tcp
tile\01\017.tcp
tile\01\018.tcp
tile\01\019.tcp
tile\01\020.tcp
tile\01\021.tcp
tile\01\022.tcp
tile\01\023.tcp
tile\01\024.tcp
tile\01\025.tcp
tile\01\026.tcp
tile\01\027.tcp
tile\01\028.tcp
tile\01\029.tcp
tile\01\030.tcp
tile\01\031.tcp
tile\01\032.tcp
tile\01\033.tcp
tile\01\034.tcp
tile\01\035.tcp
tile\01\036.tcp
tile\01\037.tcp
tile\01\038.tcp
tile\01\039.tcp
tile\01\040.tcp
tile\01\041.tcp
tile\01\042.tcp
tile\01\043.tcp
tile\01\044.tcp
tile\01\045.tcp
tile\01\046.tcp
tile\01\047.tcp
tile\01\048.tcp
tile\01\049.tcp
tile\01\050.tcp
tile\01\051.tcp
tile\01\052.tcp
tile\01\053.tcp
tile\01\054.tcp
tile\01\055.tcp
tile\01\056.tcp
tile\01\057.tcp
tile\01\058.tcp
tile\01\059.tcp
tile\01\060.tcp
tile\01\061.tcp
tile\01\tile.txt
tile\02\001.tcp
tile\02\002.tcp
tile\02\003.tcp
tile\02\004.tcp
tile\02\005.tcp
tile\02\006.tcp
tile\02\007.tcp
tile\02\008.tcp
tile\02\009.tcp
tile\02\010.tcp
tile\02\011.tcp
tile\02\012.tcp
tile\02\013.tcp
tile\02\014.tcp
tile\02\015.tcp
tile\02\016.tcp
tile\02\017.tcp
tile\02\018.tcp
tile\02\019.tcp
tile\02\020.tcp
tile\02\021.tcp
tile\02\022.tcp
tile\02\023.tcp
tile\02\024.tcp
tile\02\025.tcp
tile\02\026.tcp
tile\02\027.tcp
tile\02\028.tcp
tile\02\039.tcp
tile\02\040.tcp
tile\02\041.tcp
tile\02\042.tcp
tile\02\043.tcp
tile\02\044.tcp
tile\02\045.tcp
tile\02\046.tcp
tile\02\048.tcp
tile\02\049.tcp
tile\02\050.tcp
tile\02\051.tcp
tile\02\052.tcp
tile\02\053.tcp
tile\02\tile.txt
tile\03\001.tcp
tile\03\002.tcp
tile\03\003.tcp
tile\03\004.tcp
tile\03\005.tcp
tile\03\006.tcp
tile\03\007.tcp
tile\03\008.tcp
tile\03\009.tcp
tile\03\010.tcp
tile\03\011.tcp
tile\03\012.tcp
tile\03\013.tcp
tile\03\014.tcp
tile\03\015.tcp
tile\03\016.tcp
tile\03\017.tcp
tile\03\018.tcp
tile\03\019.tcp
tile\03\020.tcp
tile\03\021.tcp
tile\03\022.tcp
tile\03\023.tcp
tile\03\024.tcp
tile\03\025.tcp
tile\03\026.tcp
tile\03\027.tcp
tile\03\028.tcp
tile\03\029.tcp
tile\03\030.tcp
tile\03\031.tcp
tile\03\032.tcp
tile\03\033.tcp
tile\03\034.tcp
tile\03\035.tcp
tile\03\036.tcp
tile\03\037.tcp
tile\03\038.tcp
tile\03\039.tcp
tile\03\040.tcp
tile\03\041.tcp
tile\03\042.tcp
tile\03\043.tcp
tile\03\044.tcp
tile\03\047.tcp
tile\03\048.tcp
tile\03\tile.txt
tile\04\001.tcp
tile\04\002.tcp
tile\04\003.tcp
tile\04\004.tcp
tile\04\005.tcp
tile\04\006.tcp
tile\04\007.tcp
tile\04\008.tcp
tile\04\009.tcp
tile\04\010.tcp
tile\04\011.tcp
tile\04\012.tcp
tile\04\013.tcp
tile\04\014.tcp
tile\04\015.tcp
tile\04\016.tcp
tile\04\017.tcp
tile\04\018.tcp
tile\04\019.tcp
tile\04\020.tcp
tile\04\021.tcp
tile\04\022.tcp
tile\04\023.tcp
tile\04\024.tcp
tile\04\025.tcp
tile\04\026.tcp
tile\04\027.tcp
tile\04\028.tcp
tile\04\029.tcp
tile\04\030.tcp
tile\04\031.tcp
tile\04\032.tcp
tile\04\033.tcp
tile\04\034.tcp
tile\04\035.tcp
tile\04\036.tcp
tile\04\037.tcp
tile\04\038.tcp
tile\04\039.tcp
tile\04\040.tcp
tile\04\045.tcp
tile\04\046.tcp
tile\04\tile.txt
tile\05\001.tcp
tile\05\002.tcp
tile\05\003.tcp
tile\05\004.tcp
tile\05\005.tcp
tile\05\006.tcp
tile\05\007.tcp
tile\05\008.tcp
tile\05\009.tcp
tile\05\010.tcp
tile\05\011.tcp
tile\05\012.tcp
tile\05\013.tcp
tile\05\014.tcp
tile\05\015.tcp
tile\05\016.tcp
tile\05\017.tcp
tile\05\018.tcp
tile\05\019.tcp
tile\05\020.tcp
tile\05\021.tcp
tile\05\022.tcp
tile\05\023.tcp
tile\05\024.tcp
tile\05\025.tcp
tile\05\026.tcp
tile\05\027.tcp
tile\05\028.tcp
tile\05\029.tcp
tile\05\030.tcp
tile\05\031.tcp
tile\05\032.tcp
tile\05\033.tcp
tile\05\034.tcp
tile\05\035.tcp
tile\05\036.tcp
tile\05\037.tcp
tile\05\038.tcp
tile\05\039.tcp
tile\05\040.tcp
tile\05\041.tcp
tile\05\042.tcp
tile\05\043.tcp
tile\05\044.tcp
tile\05\045.tcp
tile\05\046.tcp
tile\05\047.tcp
tile\05\048.tcp
tile\05\049.tcp
tile\05\050.tcp
tile\05\051.tcp
tile\05\tile.txt
tile\06\001.tcp
tile\06\002.tcp
tile\06\003.tcp
tile\06\004.tcp
tile\06\005.tcp
tile\06\006.tcp
tile\06\007.tcp
tile\06\008.tcp
tile\06\009.tcp
tile\06\010.tcp
tile\06\011.tcp
tile\06\012.tcp
tile\06\013.tcp
tile\06\014.tcp
tile\06\015.tcp
tile\06\016.tcp
tile\06\017.tcp
tile\06\018.tcp
tile\06\019.tcp
tile\06\020.tcp
tile\06\021.tcp
tile\06\022.tcp
tile\06\023.tcp
tile\06\024.tcp
tile\06\025.tcp
tile\06\026.tcp
tile\06\027.tcp
tile\06\028.tcp
tile\06\029.tcp
tile\06\030.tcp
tile\06\031.tcp
tile\06\032.tcp
tile\06\033.tcp
tile\06\034.tcp
tile\06\035.tcp
tile\06\036.tcp
tile\06\037.tcp
tile\06\038.tcp
tile\06\039.tcp
tile\06\040.tcp
tile\06\041.tcp
tile\06\042.tcp
tile\06\043.tcp
tile\06\044.tcp
tile\06\045.tcp
tile\06\046.tcp
tile\06\047.tcp
tile\06\048.tcp
tile\06\049.tcp
tile\06\050.tcp
tile\06\051.tcp
tile\06\053.tcp
tile\06\054.tcp
tile\06\tile.txt
tile\07\001.tcp
tile\07\002.tcp
tile\07\003.tcp
tile\07\004.tcp
tile\07\005.tcp
tile\07\006.tcp
tile\07\007.tcp
tile\07\008.tcp
tile\07\009.tcp
tile\07\010.tcp
tile\07\011.tcp
tile\07\012.tcp
tile\07\013.tcp
tile\07\014.tcp
tile\07\015.tcp
tile\07\016.tcp
tile\07\017.tcp
tile\07\018.tcp
tile\07\019.tcp
tile\07\020.tcp
tile\07\021.tcp
tile\07\022.tcp
tile\07\023.tcp
tile\07\024.tcp
tile\07\025.tcp
tile\07\026.tcp
tile\07\027.tcp
tile\07\tile.txt
tile\08\001.tcp
tile\08\002.tcp
tile\08\003.tcp
tile\08\004.tcp
tile\08\005.tcp
tile\08\006.tcp
tile\08\007.tcp
tile\08\008.tcp
tile\08\009.tcp
tile\08\010.tcp
tile\08\011.tcp
tile\08\012.tcp
tile\08\013.tcp
tile\08\014.tcp
tile\08\015.tcp
tile\08\016.tcp
tile\08\017.tcp
tile\08\018.tcp
tile\08\019.tcp
tile\08\020.tcp
tile\08\021.tcp
tile\08\022.tcp
tile\08\023.tcp
tile\08\024.tcp
tile\08\025.tcp
tile\08\026.tcp
tile\08\027.tcp
tile\08\tile.txt
tile\09\001.tcp
tile\09\002.tcp
tile\09\003.tcp
tile\09\004.tcp
tile\09\005.tcp
tile\09\006.tcp
tile\09\007.tcp
tile\09\008.tcp
tile\09\009.tcp
tile\09\010.tcp
tile\09\011.tcp
tile\09\012.tcp
tile\09\013.tcp
tile\09\014.tcp
tile\09\015.tcp
tile\09\016.tcp
tile\09\017.tcp
tile\09\018.tcp
tile\09\019.tcp
tile\09\020.tcp
tile\09\021.tcp
tile\09\022.tcp
tile\09\023.tcp
tile\09\024.tcp
tile\09\025.tcp
tile\09\026.tcp
tile\09\027.tcp
tile\09\028.tcp
tile\09\029.tcp
tile\09\030.tcp
tile\09\031.tcp
tile\09\032.tcp
tile\09\033.tcp
tile\09\034.tcp
tile\09\035.tcp
tile\09\036.tcp
tile\09\037.tcp
tile\09\038.tcp
tile\09\039.tcp
tile\09\040.tcp
tile\09\041.tcp
tile\09\042.tcp
tile\09\tile.txt
tile\10\001.tcp
tile\10\002.tcp
tile\10\003.tcp
tile\10\004.tcp
tile\10\005.tcp
tile\10\006.tcp
tile\10\007.tcp
tile\10\008.tcp
tile\10\009.tcp
tile\10\010.tcp
tile\10\011.tcp
tile\10\012.tcp
tile\10\013.tcp
tile\10\014.tcp
tile\10\015.tcp
tile\10\016.tcp
tile\10\017.tcp
tile\10\018.tcp
tile\10\019.tcp
tile\10\020.tcp
tile\10\021.tcp
tile\10\022.tcp
tile\10\023.tcp
tile\10\024.tcp
tile\10\025.tcp
tile\10\026.tcp
tile\10\027.tcp
tile\10\028.tcp
tile\10\029.tcp
tile\10\030.tcp
tile\10\031.tcp
tile\10\032.tcp
tile\10\033.tcp
tile\10\034.tcp
tile\10\035.tcp
tile\10\036.tcp
tile\10\037.tcp
tile\10\038.tcp
tile\10\039.tcp
tile\10\040.tcp
tile\10\041.tcp
tile\10\042.tcp
tile\10\043.tcp
tile\10\044.tcp
tile\10\045.tcp
tile\10\046.tcp
tile\10\047.tcp
tile\10\048.tcp
tile\10\049.tcp
tile\10\050.tcp
tile\10\051.tcp
tile\10\052.tcp
tile\10\053.tcp
tile\10\054.tcp
tile\10\tile.txt
