0010.mpf
0011.mpf
0012.mpf
0014.mpf
0015.mpf
0311.mpf
0311神佑复生.tcp
0326.mpf
0327.mpf
0328.mpf
0329.mpf
0426.mpf
0427.mpf
0428.mpf
0429.mpf
0511.mpf
0511怒雷.tcp
0512.mpf
0512冰冻.tcp
0513.mpf
0513流沙.tcp
0514.mpf
0514心火.tcp
0523.mpf
0523死亡禁锢.tcp
0571.mpf
0571.tcp
0572.mpf
0572.tcp
0579.mpf
0999.mpf
1001.mpf
1001天神护体.tcp
1001气疗术.tcp
1002.mpf
1002心疗术.tcp
1002观色.tcp
1003命疗术.tcp
1004凝气诀.tcp
1005.mpf
1005凝神诀.tcp
1005观像.tcp
1006.mpf
1006天神护法.tcp
1006气归术.tcp
1007.mpf
1007命归术.tcp
1007盘丝阵.tcp
1008.mpf
1008盘丝舞.tcp
1009.mpf
1009回魂咒.tcp
1009定心术.tcp
1010起死回生.tcp
1011慈航普度.tcp
1012.mpf
1012极度疯狂.tcp
1012水清诀.tcp
1013冰清诀.tcp
1014.mpf
1014达摩护体.tcp
1015.mpf
1015金刚护法.tcp
1016.mpf
1016诅咒之伤.tcp
1016韦陀护法.tcp
1017.mpf
1017诅咒之亡.tcp
1017金刚护法.tcp
1018.mpf
1018一苇渡江.tcp
1018笑里藏刀.tcp
1019绝幻魔音.tcp
1020.mpf
1020野兽之力.tcp
1021.mpf
1021乘风破浪.tcp
1022.mpf
1022光辉之甲.tcp
1022杀气决.tcp
1023.mpf
1023飞行符.tcp
1024.mpf
1024兵解术.tcp
1024流云决.tcp
1025.mpf
1025乾天罡气.tcp
1026.mpf
1026太极护法.tcp
1026归无咒.tcp
1027.mpf
1027神兵护法.tcp
1028.mpf
1028修罗咒.tcp
1028炼气化神.tcp
1029.mpf
1029天衣无缝.tcp
1029生命之泉.tcp
1030.mpf
1030三花聚顶.tcp
1030放下屠刀.tcp
1031.mpf
1031牛劲.tcp
1032.mpf
1032破甲术.tcp
1032魔王护持.tcp
1033.mpf
1033魔王回首.tcp
1034.mpf
1034凝滞术.tcp
1034幽冥鬼眼.tcp
1035.mpf
1035勘察令.tcp
1036.mpf
1036红袖添香.tcp
1037.mpf
1037楚楚可怜.tcp
1038吸血.tcp
1039.mpf
1039残月.tcp
1039百毒不侵.tcp
1040.mpf
1040冥王暴杀.tcp
1040轻如鸿毛.tcp
1041.mpf
1041反向气功波.tcp
1041反向聚气.tcp
1041普渡众生.tcp
1041气功波.tcp
1041聚气.tcp
1042.mpf
1042兵器谱.tcp
1043.mpf
1043变身术.tcp
1043帝释无双.tcp
1044.mpf
1044镇妖.tcp
1045.mpf
1045虚空之刃.tcp
1045错乱.tcp
1046.mpf
1046百万神兵.tcp
1047.mpf
1047死亡之音.tcp
1047魔音摄心.tcp
1048.mpf
1048身似菩提.tcp
1048魔音摄魄.tcp
1049.mpf
1049心如明镜.tcp
1049魔音摄魂.tcp
1050.mpf
1050含情脉脉.tcp
1050移形换影.tcp
1051.mpf
1051天罗地网.tcp
1052.mpf
1052威慑.tcp
1053.mpf
1053催眠符.tcp
1054.mpf
1054失心符.tcp
1055.mpf
1055落魄符.tcp
1056.mpf
1056失忆符.tcp
1057.mpf
1057追魂符.tcp
1058.mpf
1058离魂符.tcp
1059.mpf
1059失魂符.tcp
1060.mpf
1060定身符.tcp
1062.mpf
1062满天花语.tcp
1064.mpf
1064莲步轻舞.tcp
1065.mpf
1065如花解语.tcp
1066.mpf
1066似玉生香.tcp
1067.mpf
1067娉婷啬.tcp
1068.mpf
1068尸腐毒.tcp
1069.mpf
1069勾魂.tcp
1070.mpf
1070摄魄.tcp
1071.mpf
1071姐妹同心.tcp
1072.mpf
1072唧唧歪歪.tcp
1073.mpf
1073水柱.tcp
1073海水.tcp
1073海浪.tcp
1073闪电.tcp
1073龙.tcp
1074.mpf
1074龙腾.tcp
1075.mpf
1075喷泉大.tcp
1075喷泉小.tcp
1075大水泡.tcp
1075水花.tcp
1075汇聚.tcp
1075海水ａ.tcp
1075爆炸.tcp
1076.mpf
1076五雷咒.tcp
1077.mpf
1077喷石.tcp
1077底层烟雾.tcp
1077飞石.tcp
1077龙卷风.tcp
1078.mpf
1078三味真火.tcp
1079.mpf
1079阎罗令.tcp
1080.mpf
1080判官令.tcp
1081.mpf
1081紧箍咒.tcp
1082.mpf
1082日光华.tcp
1083.mpf
1083靛沧海.tcp
1084.mpf
1084光.tcp
1084烟雾.tcp
1084石头.tcp
1085.mpf
1085苍茫树.tcp
1086.mpf
1086地裂火.tcp
1090.mpf
1090后发制人.tcp
1091.mpf
1091横扫千军.tcp
1093.mpf
1093宁心.tcp
1097.mpf
1097我佛慈悲.tcp
1098.mpf
1098化瘀.tcp
1099.mpf
1099疗伤.tcp
1100.mpf
1100推拿.tcp
1101.mpf
1102.mpf
1103.mpf
1104.mpf
1105.mpf
1106.mpf
1107.mpf
1107腾云驾雾.tcp
1108.mpf
1108天蚕丝.tcp
1109.mpf
1109振翅千里.tcp
1110.mpf
1110佛门普渡.tcp
1111.mpf
1111水遁.tcp
1112.mpf
1112千里神行.tcp
1113.mpf
1113乙木仙遁.tcp
1114.mpf
1114斗转星移.tcp
1115.mpf
1115牛屎遁.tcp
1116.mpf
1116杳无音讯.tcp
1117.mpf
1117移形换影.tcp
1118.mpf
1118坐莲.tcp
1119.mpf
1119反间之计.tcp
1120.mpf
1120日月乾坤.tcp
1121无敌牛虱.tcp
1122.mpf
1123.mpf
1123斩龙决.tcp
1124.mpf
1124冤魂不散.tcp
1125.mpf
1125天诛地灭.tcp
1126.mpf
1126狂兽破天.tcp
1127.mpf
1127夺命蛛丝.tcp
1128.mpf
1128五行错位.tcp
1129.mpf
1129情天恨海.tcp
1130.mpf
1130踏山裂石.tcp
1131.mpf
1131九啸九天.tcp
1132.mpf
1132紫气东来.tcp
1133.mpf
1133三星灭魔.tcp
1134.mpf
1134太极生化.tcp
1136.mpf
1136复苏.tcp
1140.mpf
1140解封.tcp
1142.mpf
1142清心.tcp
1146.mpf
1146寡欲令.tcp
1154.mpf
1154驱魔.tcp
1156.mpf
1156驱尸.tcp
1158.mpf
1158龙附.tcp
1159.mpf
1159杨柳甘露.tcp
1160.mpf
1201.mpf
1201.tcp
1202.mpf
1202.tcp
1203.mpf
1203.tcp
1204.mpf
1204.tcp
1205.mpf
1205.tcp
1206.mpf
1206.tcp
1207.mpf
1207.tcp
1208.mpf
1209.mpf
1209.tcp
1210.mpf
1210.tcp
1211.mpf
1211.tcp
1212.mpf
1212.tcp
1213.mpf
1213.tcp
1214.mpf
1214.tcp
1215.mpf
1215.tcp
1216.mpf
1216.tcp
1217.mpf
1217.tcp
1218.mpf
1218.tcp
1219.mpf
1219.tcp
1220.mpf
1220.tcp
1221.mpf
1221.tcp
1222.mpf
1222.tcp
1223.mpf
1223.tcp
1224.mpf
1224.tcp
1225.mpf
1225.tcp
1303.mpf
1303五雷轰顶.tcp
1306.mpf
1306妙手空空.tcp
1307.mpf
1307仙灵店铺.tcp
1401.mpf
1401.tcp
1402.mpf
1402.tcp
1403.mpf
1403.tcp
1404.mpf
1405.mpf
1406.mpf
1525.mpf
1525.tcp
3001.mpf
3001自爆.tcp
3002.mpf
3002召唤.tcp
3003.mpf
3005.mpf
3006.mpf
3006中毒.tcp
3012.mpf
3012亡灵.tcp
326雷击.tcp
327落岩.tcp
328水攻.tcp
329烈火.tcp
4001.mpf
4002.mpf
4003.mpf
4004.mpf
4005.mpf
4006.mpf
4007.mpf
4008.mpf
4009.mpf
4010.mpf
4011.mpf
4012.mpf
4013.mpf
4014.mpf
4015.mpf
4016.mpf
4017.mpf
4018.mpf
4019.mpf
4020.mpf
4021.mpf
4022.mpf
4023.mpf
4024.mpf
4025.mpf
4026.mpf
4027.mpf
4028.mpf
4029.mpf
4030.mpf
4031.mpf
4032.mpf
4033.mpf
4034.mpf
4035.mpf
4036.mpf
4038.mpf
4039.mpf
4040.mpf
4041.mpf
4043.mpf
4044.mpf
4045.mpf
4046.mpf
4047.mpf
4048.mpf
4049.mpf
4050.mpf
5041.mpf
7005.mpf
7005.tcp
7012.mpf
7012.tcp
7013.mpf
7014.mpf
7015.mpf
7016.mpf
7016.tcp
7017.mpf
7017.tcp
7018.mpf
7018.tcp
7019.mpf
7021.mpf
7021.tcp
7023.mpf
7023.tcp
70230.mpf
70230.tcp
70231.mpf
70231.tcp
7024.mpf
7025.mpf
7025.tcp
7026.mpf
7027.mpf
7027.tcp
7028.mpf
7029.mpf
7030.mpf
7030.tcp
7033.mpf
7033.tcp
7034.mpf
7034.tcp
7035.mpf
70350.mpf
70350.tcp
70351.mpf
70351.tcp
7036.mpf
7036.tcp
7038.mpf
7038.tcp
7039.mpf
7039.tcp
7040.mpf
7040.tcp
7041.mpf
7041.tcp
7042.mpf
7042.tcp
7043.mpf
7043.tcp
7044.mpf
7044.tcp
7045.mpf
7045.tcp
7046.mpf
7047.mpf
7048.mpf
7049.mpf
7049.tcp
7050.mpf
70500.mpf
70500.tcp
70501.mpf
70501.tcp
7051.mpf
7052.mpf
7052.tcp
7053.mpf
7055.mpf
7056.mpf
7057.mpf
7057.tcp
7061.mpf
7062.mpf
7062.tcp
7063.mpf
7063.tcp
7064.mpf
7064.tcp
7065.mpf
7065.tcp
add_hp.tcp
add_hpmp.tcp
add_mp.tcp
magic.lst
前水１.tcp
前水２.tcp
前爆炸.tcp
前虚山.tcp
右.tcp
同甘共苦.tcp
后.tcp
后水.tcp
后爆炸.tcp
后虚山.tcp
喷.tcp
小.tcp
小水.tcp
左.tcp
情意绵绵.tcp
情深似海.tcp
火.tcp
白色背景.tcp
非透明山.tcp
